CRITICAL - 2023-05-15 20:51:55 --> Undefined variable $title
in APPPATH\Views\productos\header.php on line 7.
 1 APPPATH\Views\productos\header.php(7): CodeIgniter\Debug\Exceptions->errorHandler(2, 'Undefined variable $title', 'D:\\Programas\\XAMPP\\htdocs\\codeigniter4\\app\\Views\\productos\\header.php', 7)
 2 APPPATH\Views\productos\create.php(1): include('D:\\Programas\\XAMPP\\htdocs\\codeigniter4\\app\\Views\\productos\\header.php')
 3 SYSTEMPATH\View\View.php(213): include('D:\\Programas\\XAMPP\\htdocs\\codeigniter4\\app\\Views\\productos\\create.php')
 4 SYSTEMPATH\View\View.php(216): CodeIgniter\View\View->CodeIgniter\View\{closure}()
 5 SYSTEMPATH\Common.php(1184): CodeIgniter\View\View->render('productos/create', [], true)
 6 APPPATH\Controllers\Productos.php(18): view('productos/create')
 7 SYSTEMPATH\CodeIgniter.php(934): App\Controllers\Productos->create()
 8 SYSTEMPATH\CodeIgniter.php(499): CodeIgniter\CodeIgniter->runController(Object(App\Controllers\Productos))
 9 SYSTEMPATH\CodeIgniter.php(368): CodeIgniter\CodeIgniter->handleRequest(null, Object(Config\Cache), false)
10 FCPATH\index.php(67): CodeIgniter\CodeIgniter->run()
CRITICAL - 2023-05-15 20:51:59 --> Undefined variable $title
in APPPATH\Views\productos\header.php on line 7.
 1 APPPATH\Views\productos\header.php(7): CodeIgniter\Debug\Exceptions->errorHandler(2, 'Undefined variable $title', 'D:\\Programas\\XAMPP\\htdocs\\codeigniter4\\app\\Views\\productos\\header.php', 7)
 2 APPPATH\Views\productos\create.php(1): include('D:\\Programas\\XAMPP\\htdocs\\codeigniter4\\app\\Views\\productos\\header.php')
 3 SYSTEMPATH\View\View.php(213): include('D:\\Programas\\XAMPP\\htdocs\\codeigniter4\\app\\Views\\productos\\create.php')
 4 SYSTEMPATH\View\View.php(216): CodeIgniter\View\View->CodeIgniter\View\{closure}()
 5 SYSTEMPATH\Common.php(1184): CodeIgniter\View\View->render('productos/create', [], true)
 6 APPPATH\Controllers\Productos.php(18): view('productos/create')
 7 SYSTEMPATH\CodeIgniter.php(934): App\Controllers\Productos->create()
 8 SYSTEMPATH\CodeIgniter.php(499): CodeIgniter\CodeIgniter->runController(Object(App\Controllers\Productos))
 9 SYSTEMPATH\CodeIgniter.php(368): CodeIgniter\CodeIgniter->handleRequest(null, Object(Config\Cache), false)
10 FCPATH\index.php(67): CodeIgniter\CodeIgniter->run()
CRITICAL - 2023-05-15 20:52:03 --> Undefined variable $title
in APPPATH\Views\productos\header.php on line 7.
 1 APPPATH\Views\productos\header.php(7): CodeIgniter\Debug\Exceptions->errorHandler(2, 'Undefined variable $title', 'D:\\Programas\\XAMPP\\htdocs\\codeigniter4\\app\\Views\\productos\\header.php', 7)
 2 APPPATH\Views\productos\create.php(1): include('D:\\Programas\\XAMPP\\htdocs\\codeigniter4\\app\\Views\\productos\\header.php')
 3 SYSTEMPATH\View\View.php(213): include('D:\\Programas\\XAMPP\\htdocs\\codeigniter4\\app\\Views\\productos\\create.php')
 4 SYSTEMPATH\View\View.php(216): CodeIgniter\View\View->CodeIgniter\View\{closure}()
 5 SYSTEMPATH\Common.php(1184): CodeIgniter\View\View->render('productos/create', [], true)
 6 APPPATH\Controllers\Productos.php(18): view('productos/create')
 7 SYSTEMPATH\CodeIgniter.php(934): App\Controllers\Productos->create()
 8 SYSTEMPATH\CodeIgniter.php(499): CodeIgniter\CodeIgniter->runController(Object(App\Controllers\Productos))
 9 SYSTEMPATH\CodeIgniter.php(368): CodeIgniter\CodeIgniter->handleRequest(null, Object(Config\Cache), false)
10 FCPATH\index.php(67): CodeIgniter\CodeIgniter->run()
CRITICAL - 2023-05-15 20:52:06 --> Undefined variable $title
in APPPATH\Views\productos\header.php on line 7.
 1 APPPATH\Views\productos\header.php(7): CodeIgniter\Debug\Exceptions->errorHandler(2, 'Undefined variable $title', 'D:\\Programas\\XAMPP\\htdocs\\codeigniter4\\app\\Views\\productos\\header.php', 7)
 2 APPPATH\Views\productos\create.php(1): include('D:\\Programas\\XAMPP\\htdocs\\codeigniter4\\app\\Views\\productos\\header.php')
 3 SYSTEMPATH\View\View.php(213): include('D:\\Programas\\XAMPP\\htdocs\\codeigniter4\\app\\Views\\productos\\create.php')
 4 SYSTEMPATH\View\View.php(216): CodeIgniter\View\View->CodeIgniter\View\{closure}()
 5 SYSTEMPATH\Common.php(1184): CodeIgniter\View\View->render('productos/create', [], true)
 6 APPPATH\Controllers\Productos.php(18): view('productos/create')
 7 SYSTEMPATH\CodeIgniter.php(934): App\Controllers\Productos->create()
 8 SYSTEMPATH\CodeIgniter.php(499): CodeIgniter\CodeIgniter->runController(Object(App\Controllers\Productos))
 9 SYSTEMPATH\CodeIgniter.php(368): CodeIgniter\CodeIgniter->handleRequest(null, Object(Config\Cache), false)
10 FCPATH\index.php(67): CodeIgniter\CodeIgniter->run()
CRITICAL - 2023-05-15 20:52:37 --> Undefined variable $title
in APPPATH\Views\productos\header.php on line 7.
 1 APPPATH\Views\productos\header.php(7): CodeIgniter\Debug\Exceptions->errorHandler(2, 'Undefined variable $title', 'D:\\Programas\\XAMPP\\htdocs\\codeigniter4\\app\\Views\\productos\\header.php', 7)
 2 APPPATH\Views\productos\create.php(1): include('D:\\Programas\\XAMPP\\htdocs\\codeigniter4\\app\\Views\\productos\\header.php')
 3 SYSTEMPATH\View\View.php(213): include('D:\\Programas\\XAMPP\\htdocs\\codeigniter4\\app\\Views\\productos\\create.php')
 4 SYSTEMPATH\View\View.php(216): CodeIgniter\View\View->CodeIgniter\View\{closure}()
 5 SYSTEMPATH\Common.php(1184): CodeIgniter\View\View->render('productos/create', [], true)
 6 APPPATH\Controllers\Productos.php(18): view('productos/create')
 7 SYSTEMPATH\CodeIgniter.php(934): App\Controllers\Productos->create()
 8 SYSTEMPATH\CodeIgniter.php(499): CodeIgniter\CodeIgniter->runController(Object(App\Controllers\Productos))
 9 SYSTEMPATH\CodeIgniter.php(368): CodeIgniter\CodeIgniter->handleRequest(null, Object(Config\Cache), false)
10 FCPATH\index.php(67): CodeIgniter\CodeIgniter->run()
CRITICAL - 2023-05-15 21:16:37 --> Trying to access array offset on value of type null
in APPPATH\Views\productos\edit.php on line 5.
 1 APPPATH\Views\productos\edit.php(5): CodeIgniter\Debug\Exceptions->errorHandler(2, 'Trying to access array offset on value of type null', 'D:\\Programas\\XAMPP\\htdocs\\codeigniter4\\app\\Views\\productos\\edit.php', 5)
 2 SYSTEMPATH\View\View.php(213): include('D:\\Programas\\XAMPP\\htdocs\\codeigniter4\\app\\Views\\productos\\edit.php')
 3 SYSTEMPATH\View\View.php(216): CodeIgniter\View\View->CodeIgniter\View\{closure}()
 4 SYSTEMPATH\Common.php(1184): CodeIgniter\View\View->render('productos/edit', [], true)
 5 APPPATH\Controllers\Productos.php(50): view('productos/edit', [...])
 6 SYSTEMPATH\CodeIgniter.php(934): App\Controllers\Productos->edit('0')
 7 SYSTEMPATH\CodeIgniter.php(499): CodeIgniter\CodeIgniter->runController(Object(App\Controllers\Productos))
 8 SYSTEMPATH\CodeIgniter.php(368): CodeIgniter\CodeIgniter->handleRequest(null, Object(Config\Cache), false)
 9 FCPATH\index.php(67): CodeIgniter\CodeIgniter->run()
CRITICAL - 2023-05-15 21:16:46 --> Trying to access array offset on value of type null
in APPPATH\Views\productos\edit.php on line 5.
 1 APPPATH\Views\productos\edit.php(5): CodeIgniter\Debug\Exceptions->errorHandler(2, 'Trying to access array offset on value of type null', 'D:\\Programas\\XAMPP\\htdocs\\codeigniter4\\app\\Views\\productos\\edit.php', 5)
 2 SYSTEMPATH\View\View.php(213): include('D:\\Programas\\XAMPP\\htdocs\\codeigniter4\\app\\Views\\productos\\edit.php')
 3 SYSTEMPATH\View\View.php(216): CodeIgniter\View\View->CodeIgniter\View\{closure}()
 4 SYSTEMPATH\Common.php(1184): CodeIgniter\View\View->render('productos/edit', [], true)
 5 APPPATH\Controllers\Productos.php(50): view('productos/edit', [...])
 6 SYSTEMPATH\CodeIgniter.php(934): App\Controllers\Productos->edit('0')
 7 SYSTEMPATH\CodeIgniter.php(499): CodeIgniter\CodeIgniter->runController(Object(App\Controllers\Productos))
 8 SYSTEMPATH\CodeIgniter.php(368): CodeIgniter\CodeIgniter->handleRequest(null, Object(Config\Cache), false)
 9 FCPATH\index.php(67): CodeIgniter\CodeIgniter->run()
CRITICAL - 2023-05-15 21:22:16 --> Trying to access array offset on value of type null
in APPPATH\Views\productos\edit.php on line 5.
 1 APPPATH\Views\productos\edit.php(5): CodeIgniter\Debug\Exceptions->errorHandler(2, 'Trying to access array offset on value of type null', 'D:\\Programas\\XAMPP\\htdocs\\codeigniter4\\app\\Views\\productos\\edit.php', 5)
 2 SYSTEMPATH\View\View.php(213): include('D:\\Programas\\XAMPP\\htdocs\\codeigniter4\\app\\Views\\productos\\edit.php')
 3 SYSTEMPATH\View\View.php(216): CodeIgniter\View\View->CodeIgniter\View\{closure}()
 4 SYSTEMPATH\Common.php(1184): CodeIgniter\View\View->render('productos/edit', [], true)
 5 APPPATH\Controllers\Productos.php(50): view('productos/edit', [...])
 6 SYSTEMPATH\CodeIgniter.php(934): App\Controllers\Productos->edit('0')
 7 SYSTEMPATH\CodeIgniter.php(499): CodeIgniter\CodeIgniter->runController(Object(App\Controllers\Productos))
 8 SYSTEMPATH\CodeIgniter.php(368): CodeIgniter\CodeIgniter->handleRequest(null, Object(Config\Cache), false)
 9 FCPATH\index.php(67): CodeIgniter\CodeIgniter->run()
