ERROR - 2023-06-12 22:55:03 --> mysqli_sql_exception: Table 'bdtienda.usuarios' doesn't exist in C:\Program Files\xampp\htdocs\prograweb2\PracticaWeb\codeigniter4\system\Database\MySQLi\Connection.php:295
Stack trace:
#0 C:\Program Files\xampp\htdocs\prograweb2\PracticaWeb\codeigniter4\system\Database\MySQLi\Connection.php(295): mysqli->query('SELECT *\nFROM `...', 0)
#1 C:\Program Files\xampp\htdocs\prograweb2\PracticaWeb\codeigniter4\system\Database\BaseConnection.php(692): CodeIgniter\Database\MySQLi\Connection->execute('SELECT *\nFROM `...')
#2 C:\Program Files\xampp\htdocs\prograweb2\PracticaWeb\codeigniter4\system\Database\BaseConnection.php(606): CodeIgniter\Database\BaseConnection->simpleQuery('SELECT *\nFROM `...')
#3 C:\Program Files\xampp\htdocs\prograweb2\PracticaWeb\codeigniter4\system\Database\BaseBuilder.php(1616): CodeIgniter\Database\BaseConnection->query('SELECT *\nFROM `...', Array, false)
#4 C:\Program Files\xampp\htdocs\prograweb2\PracticaWeb\codeigniter4\system\Model.php(268): CodeIgniter\Database\BaseBuilder->get()
#5 C:\Program Files\xampp\htdocs\prograweb2\PracticaWeb\codeigniter4\system\BaseModel.php(656): CodeIgniter\Model->doFirst()
#6 C:\Program Files\xampp\htdocs\prograweb2\PracticaWeb\codeigniter4\app\Models\UsuariosModel.php(15): CodeIgniter\BaseModel->first()
#7 C:\Program Files\xampp\htdocs\prograweb2\PracticaWeb\codeigniter4\app\Controllers\Usuarios.php(62): App\Models\UsuariosModel->obtenerUsuarioPorNombreUsuario('root')
#8 C:\Program Files\xampp\htdocs\prograweb2\PracticaWeb\codeigniter4\system\CodeIgniter.php(934): App\Controllers\Usuarios->inicioSesion()
#9 C:\Program Files\xampp\htdocs\prograweb2\PracticaWeb\codeigniter4\system\CodeIgniter.php(499): CodeIgniter\CodeIgniter->runController(Object(App\Controllers\Usuarios))
#10 C:\Program Files\xampp\htdocs\prograweb2\PracticaWeb\codeigniter4\system\CodeIgniter.php(368): CodeIgniter\CodeIgniter->handleRequest(NULL, Object(Config\Cache), false)
#11 C:\Program Files\xampp\htdocs\prograweb2\PracticaWeb\codeigniter4\public\index.php(67): CodeIgniter\CodeIgniter->run()
#12 {main}
CRITICAL - 2023-06-12 22:55:03 --> Table 'bdtienda.usuarios' doesn't exist
in SYSTEMPATH\Database\MySQLi\Connection.php on line 295.
 1 SYSTEMPATH\Database\MySQLi\Connection.php(295): mysqli->query('SELECT *
FROM `usuarios`
WHERE `nombre_usuario` = \'root\'
 LIMIT 1', 0)
 2 SYSTEMPATH\Database\BaseConnection.php(692): CodeIgniter\Database\MySQLi\Connection->execute('SELECT *
FROM `usuarios`
WHERE `nombre_usuario` = \'root\'
 LIMIT 1')
 3 SYSTEMPATH\Database\BaseConnection.php(606): CodeIgniter\Database\BaseConnection->simpleQuery('SELECT *
FROM `usuarios`
WHERE `nombre_usuario` = \'root\'
 LIMIT 1')
 4 SYSTEMPATH\Database\BaseBuilder.php(1616): CodeIgniter\Database\BaseConnection->query('SELECT *
FROM `usuarios`
WHERE `nombre_usuario` = :nombre_usuario:
 LIMIT 1', [...], false)
 5 SYSTEMPATH\Model.php(268): CodeIgniter\Database\BaseBuilder->get()
 6 SYSTEMPATH\BaseModel.php(656): CodeIgniter\Model->doFirst()
 7 APPPATH\Models\UsuariosModel.php(15): CodeIgniter\BaseModel->first()
 8 APPPATH\Controllers\Usuarios.php(62): App\Models\UsuariosModel->obtenerUsuarioPorNombreUsuario('root')
 9 SYSTEMPATH\CodeIgniter.php(934): App\Controllers\Usuarios->inicioSesion()
10 SYSTEMPATH\CodeIgniter.php(499): CodeIgniter\CodeIgniter->runController(Object(App\Controllers\Usuarios))
11 SYSTEMPATH\CodeIgniter.php(368): CodeIgniter\CodeIgniter->handleRequest(null, Object(Config\Cache), false)
12 FCPATH\index.php(67): CodeIgniter\CodeIgniter->run()
