CRITICAL - 2023-08-30 22:02:54 --> Invalid file: "usuarios/login2.php"
in SYSTEMPATH\Exceptions\FrameworkException.php on line 33.
 1 SYSTEMPATH\View\View.php(201): CodeIgniter\Exceptions\FrameworkException::forInvalidFile('usuarios/login2.php')
 2 SYSTEMPATH\Common.php(1184): CodeIgniter\View\View->render('usuarios/login2', [], true)
 3 APPPATH\Controllers\Usuarios.php(11): view('usuarios/login2')
 4 SYSTEMPATH\CodeIgniter.php(934): App\Controllers\Usuarios->login()
 5 SYSTEMPATH\CodeIgniter.php(499): CodeIgniter\CodeIgniter->runController(Object(App\Controllers\Usuarios))
 6 SYSTEMPATH\CodeIgniter.php(368): CodeIgniter\CodeIgniter->handleRequest(null, Object(Config\Cache), false)
 7 FCPATH\index.php(67): CodeIgniter\CodeIgniter->run()
CRITICAL - 2023-08-30 22:03:09 --> Invalid file: "usuarios/login2.php"
in SYSTEMPATH\Exceptions\FrameworkException.php on line 33.
 1 SYSTEMPATH\View\View.php(201): CodeIgniter\Exceptions\FrameworkException::forInvalidFile('usuarios/login2.php')
 2 SYSTEMPATH\Common.php(1184): CodeIgniter\View\View->render('usuarios/login2', [], true)
 3 APPPATH\Controllers\Usuarios.php(11): view('usuarios/login2')
 4 SYSTEMPATH\CodeIgniter.php(934): App\Controllers\Usuarios->login()
 5 SYSTEMPATH\CodeIgniter.php(499): CodeIgniter\CodeIgniter->runController(Object(App\Controllers\Usuarios))
 6 SYSTEMPATH\CodeIgniter.php(368): CodeIgniter\CodeIgniter->handleRequest(null, Object(Config\Cache), false)
 7 FCPATH\index.php(67): CodeIgniter\CodeIgniter->run()
CRITICAL - 2023-08-30 22:03:10 --> Invalid file: "usuarios/login2.php"
in SYSTEMPATH\Exceptions\FrameworkException.php on line 33.
 1 SYSTEMPATH\View\View.php(201): CodeIgniter\Exceptions\FrameworkException::forInvalidFile('usuarios/login2.php')
 2 SYSTEMPATH\Common.php(1184): CodeIgniter\View\View->render('usuarios/login2', [], true)
 3 APPPATH\Controllers\Usuarios.php(11): view('usuarios/login2')
 4 SYSTEMPATH\CodeIgniter.php(934): App\Controllers\Usuarios->login()
 5 SYSTEMPATH\CodeIgniter.php(499): CodeIgniter\CodeIgniter->runController(Object(App\Controllers\Usuarios))
 6 SYSTEMPATH\CodeIgniter.php(368): CodeIgniter\CodeIgniter->handleRequest(null, Object(Config\Cache), false)
 7 FCPATH\index.php(67): CodeIgniter\CodeIgniter->run()
CRITICAL - 2023-08-30 22:03:10 --> Invalid file: "usuarios/login2.php"
in SYSTEMPATH\Exceptions\FrameworkException.php on line 33.
 1 SYSTEMPATH\View\View.php(201): CodeIgniter\Exceptions\FrameworkException::forInvalidFile('usuarios/login2.php')
 2 SYSTEMPATH\Common.php(1184): CodeIgniter\View\View->render('usuarios/login2', [], true)
 3 APPPATH\Controllers\Usuarios.php(11): view('usuarios/login2')
 4 SYSTEMPATH\CodeIgniter.php(934): App\Controllers\Usuarios->login()
 5 SYSTEMPATH\CodeIgniter.php(499): CodeIgniter\CodeIgniter->runController(Object(App\Controllers\Usuarios))
 6 SYSTEMPATH\CodeIgniter.php(368): CodeIgniter\CodeIgniter->handleRequest(null, Object(Config\Cache), false)
 7 FCPATH\index.php(67): CodeIgniter\CodeIgniter->run()
CRITICAL - 2023-08-30 22:03:10 --> Invalid file: "usuarios/login2.php"
in SYSTEMPATH\Exceptions\FrameworkException.php on line 33.
 1 SYSTEMPATH\View\View.php(201): CodeIgniter\Exceptions\FrameworkException::forInvalidFile('usuarios/login2.php')
 2 SYSTEMPATH\Common.php(1184): CodeIgniter\View\View->render('usuarios/login2', [], true)
 3 APPPATH\Controllers\Usuarios.php(11): view('usuarios/login2')
 4 SYSTEMPATH\CodeIgniter.php(934): App\Controllers\Usuarios->login()
 5 SYSTEMPATH\CodeIgniter.php(499): CodeIgniter\CodeIgniter->runController(Object(App\Controllers\Usuarios))
 6 SYSTEMPATH\CodeIgniter.php(368): CodeIgniter\CodeIgniter->handleRequest(null, Object(Config\Cache), false)
 7 FCPATH\index.php(67): CodeIgniter\CodeIgniter->run()
CRITICAL - 2023-08-30 22:03:10 --> Invalid file: "usuarios/login2.php"
in SYSTEMPATH\Exceptions\FrameworkException.php on line 33.
 1 SYSTEMPATH\View\View.php(201): CodeIgniter\Exceptions\FrameworkException::forInvalidFile('usuarios/login2.php')
 2 SYSTEMPATH\Common.php(1184): CodeIgniter\View\View->render('usuarios/login2', [], true)
 3 APPPATH\Controllers\Usuarios.php(11): view('usuarios/login2')
 4 SYSTEMPATH\CodeIgniter.php(934): App\Controllers\Usuarios->login()
 5 SYSTEMPATH\CodeIgniter.php(499): CodeIgniter\CodeIgniter->runController(Object(App\Controllers\Usuarios))
 6 SYSTEMPATH\CodeIgniter.php(368): CodeIgniter\CodeIgniter->handleRequest(null, Object(Config\Cache), false)
 7 FCPATH\index.php(67): CodeIgniter\CodeIgniter->run()
CRITICAL - 2023-08-30 22:03:10 --> Invalid file: "usuarios/login2.php"
in SYSTEMPATH\Exceptions\FrameworkException.php on line 33.
 1 SYSTEMPATH\View\View.php(201): CodeIgniter\Exceptions\FrameworkException::forInvalidFile('usuarios/login2.php')
 2 SYSTEMPATH\Common.php(1184): CodeIgniter\View\View->render('usuarios/login2', [], true)
 3 APPPATH\Controllers\Usuarios.php(11): view('usuarios/login2')
 4 SYSTEMPATH\CodeIgniter.php(934): App\Controllers\Usuarios->login()
 5 SYSTEMPATH\CodeIgniter.php(499): CodeIgniter\CodeIgniter->runController(Object(App\Controllers\Usuarios))
 6 SYSTEMPATH\CodeIgniter.php(368): CodeIgniter\CodeIgniter->handleRequest(null, Object(Config\Cache), false)
 7 FCPATH\index.php(67): CodeIgniter\CodeIgniter->run()
CRITICAL - 2023-08-30 22:03:12 --> Invalid file: "usuarios/login2.php"
in SYSTEMPATH\Exceptions\FrameworkException.php on line 33.
 1 SYSTEMPATH\View\View.php(201): CodeIgniter\Exceptions\FrameworkException::forInvalidFile('usuarios/login2.php')
 2 SYSTEMPATH\Common.php(1184): CodeIgniter\View\View->render('usuarios/login2', [], true)
 3 APPPATH\Controllers\Usuarios.php(11): view('usuarios/login2')
 4 SYSTEMPATH\CodeIgniter.php(934): App\Controllers\Usuarios->login()
 5 SYSTEMPATH\CodeIgniter.php(499): CodeIgniter\CodeIgniter->runController(Object(App\Controllers\Usuarios))
 6 SYSTEMPATH\CodeIgniter.php(368): CodeIgniter\CodeIgniter->handleRequest(null, Object(Config\Cache), false)
 7 FCPATH\index.php(67): CodeIgniter\CodeIgniter->run()
CRITICAL - 2023-08-30 22:03:12 --> Invalid file: "usuarios/login2.php"
in SYSTEMPATH\Exceptions\FrameworkException.php on line 33.
 1 SYSTEMPATH\View\View.php(201): CodeIgniter\Exceptions\FrameworkException::forInvalidFile('usuarios/login2.php')
 2 SYSTEMPATH\Common.php(1184): CodeIgniter\View\View->render('usuarios/login2', [], true)
 3 APPPATH\Controllers\Usuarios.php(11): view('usuarios/login2')
 4 SYSTEMPATH\CodeIgniter.php(934): App\Controllers\Usuarios->login()
 5 SYSTEMPATH\CodeIgniter.php(499): CodeIgniter\CodeIgniter->runController(Object(App\Controllers\Usuarios))
 6 SYSTEMPATH\CodeIgniter.php(368): CodeIgniter\CodeIgniter->handleRequest(null, Object(Config\Cache), false)
 7 FCPATH\index.php(67): CodeIgniter\CodeIgniter->run()
CRITICAL - 2023-08-30 22:03:13 --> Invalid file: "usuarios/login2.php"
in SYSTEMPATH\Exceptions\FrameworkException.php on line 33.
 1 SYSTEMPATH\View\View.php(201): CodeIgniter\Exceptions\FrameworkException::forInvalidFile('usuarios/login2.php')
 2 SYSTEMPATH\Common.php(1184): CodeIgniter\View\View->render('usuarios/login2', [], true)
 3 APPPATH\Controllers\Usuarios.php(11): view('usuarios/login2')
 4 SYSTEMPATH\CodeIgniter.php(934): App\Controllers\Usuarios->login()
 5 SYSTEMPATH\CodeIgniter.php(499): CodeIgniter\CodeIgniter->runController(Object(App\Controllers\Usuarios))
 6 SYSTEMPATH\CodeIgniter.php(368): CodeIgniter\CodeIgniter->handleRequest(null, Object(Config\Cache), false)
 7 FCPATH\index.php(67): CodeIgniter\CodeIgniter->run()
CRITICAL - 2023-08-30 22:03:13 --> Invalid file: "usuarios/login2.php"
in SYSTEMPATH\Exceptions\FrameworkException.php on line 33.
 1 SYSTEMPATH\View\View.php(201): CodeIgniter\Exceptions\FrameworkException::forInvalidFile('usuarios/login2.php')
 2 SYSTEMPATH\Common.php(1184): CodeIgniter\View\View->render('usuarios/login2', [], true)
 3 APPPATH\Controllers\Usuarios.php(11): view('usuarios/login2')
 4 SYSTEMPATH\CodeIgniter.php(934): App\Controllers\Usuarios->login()
 5 SYSTEMPATH\CodeIgniter.php(499): CodeIgniter\CodeIgniter->runController(Object(App\Controllers\Usuarios))
 6 SYSTEMPATH\CodeIgniter.php(368): CodeIgniter\CodeIgniter->handleRequest(null, Object(Config\Cache), false)
 7 FCPATH\index.php(67): CodeIgniter\CodeIgniter->run()
CRITICAL - 2023-08-30 22:04:18 --> Invalid file: "usuarios/login2.php"
in SYSTEMPATH\Exceptions\FrameworkException.php on line 33.
 1 SYSTEMPATH\View\View.php(201): CodeIgniter\Exceptions\FrameworkException::forInvalidFile('usuarios/login2.php')
 2 SYSTEMPATH\Common.php(1184): CodeIgniter\View\View->render('usuarios/login2', [], true)
 3 APPPATH\Controllers\Usuarios.php(11): view('usuarios/login2')
 4 SYSTEMPATH\CodeIgniter.php(934): App\Controllers\Usuarios->login()
 5 SYSTEMPATH\CodeIgniter.php(499): CodeIgniter\CodeIgniter->runController(Object(App\Controllers\Usuarios))
 6 SYSTEMPATH\CodeIgniter.php(368): CodeIgniter\CodeIgniter->handleRequest(null, Object(Config\Cache), false)
 7 FCPATH\index.php(67): CodeIgniter\CodeIgniter->run()
